<?xml version="1.0" encoding="UTF-8"?>
<beans xmlns="http://www.springframework.org/schema/beans"
	xmlns:xsi="http://www.w3.org/2001/XMLSchema-instance"
	xmlns:p="http://www.springframework.org/schema/p"
	xmlns:context="http://www.springframework.org/schema/context"
	xmlns:jee="http://www.springframework.org/schema/jee"
	xmlns:tx="http://www.springframework.org/schema/tx"
	xmlns:repository="http://www.springframework.org/schema/data/repository"
	xmlns:jpa="http://www.springframework.org/schema/data/jpa"
	xmlns:aop="http://www.springframework.org/schema/aop"
	xmlns:jdbc="http://www.springframework.org/schema/jdbc"
	xsi:schemaLocation="http://www.springframework.org/schema/jdbc http://www.springframework.org/schema/jdbc/spring-jdbc-4.3.xsd
		http://www.springframework.org/schema/jee http://www.springframework.org/schema/jee/spring-jee-4.3.xsd
		http://www.springframework.org/schema/beans http://www.springframework.org/schema/beans/spring-beans.xsd
		http://www.springframework.org/schema/context http://www.springframework.org/schema/context/spring-context-4.3.xsd
		http://www.springframework.org/schema/aop http://www.springframework.org/schema/aop/spring-aop-4.3.xsd
		http://www.springframework.org/schema/data/jpa http://www.springframework.org/schema/data/jpa/spring-jpa-1.8.xsd
		http://www.springframework.org/schema/tx http://www.springframework.org/schema/tx/spring-tx-4.3.xsd
		http://www.springframework.org/schema/data/repository http://www.springframework.org/schema/data/repository/spring-repository-1.11.xsd">


	<jdbc:embedded-database id="dataSource" type="H2"/>

	<!-- EntityManager hibernate -->
	<tx:annotation-driven proxy-target-class="true"/>
	<bean
		class="org.springframework.orm.jpa.LocalContainerEntityManagerFactoryBean"
		id="entityManagerFactory">

		<property name="persistenceUnitName" value="testingUnit"></property>
		<property name="persistenceProviderClass"
			value="org.hibernate.jpa.HibernatePersistenceProvider"></property>
		<property name="packagesToScan">
			<list>
				<value>com.kevinguanchedarias.sgtjava.entity</value>
			</list>
		</property>
		<property name="dataSource" ref="dataSource" />
		<property name="jpaProperties">
			<props>
				<prop key="hibernate.dialect">org.hibernate.dialect.H2Dialect</prop>
				<prop key="hibernate.hbm2ddl.auto">create</prop>
				<prop key="hibernate.hbm2ddl.import_files">file:src/test/resources/sql/default.sql</prop>
				<prop key="hibernate.show_sql">true</prop>
			</props>
		</property>
	</bean>

	<bean class="org.springframework.orm.jpa.JpaTransactionManager"
		id="transactionManager">
		<property name="entityManagerFactory" ref="entityManagerFactory" />
	</bean>
	
	<context:annotation-config></context:annotation-config>
	<context:component-scan base-package="com.kevinguanchedarias.sgtjava.dao">
	</context:component-scan>
	<context:component-scan base-package="com.kevinguanchedarias.sgtjava.business">
	</context:component-scan>
	<context:component-scan base-package="com.kevinguanchedarias.sgtjava.rest">
	</context:component-scan>

	<jpa:repositories base-package="com.kevinguanchedarias.sgtjava.repository"></jpa:repositories>

</beans>
